2025-09-12T18:52:53.172Z [info]: Get command to database complete {"SK":"PROFILE","password":"pass1","PK":"USER#user1","role":"employee"}
2025-09-12T18:55:32.333Z [info]: Get command to database complete {"SK":"PROFILE","password":"pass1","PK":"USER#user1","role":"employee"}
2025-09-12T18:56:47.311Z [info]: Get command to database complete undefined
2025-09-12T19:00:59.665Z [info]: PUT command to databse complete {"$metadata":{"httpStatusCode":200,"requestId":"GRP6E7JVHIPAD739GORGELBNNRVV4KQNSO5AEMVJF66Q9ASUAAJG","attempts":1,"totalRetryDelay":0}}
2025-09-12T21:13:45.072Z [info]: PUT command to databse complete {"$metadata":{"httpStatusCode":200,"requestId":"8QMNSFJGQTPG8L1K78N4GLFQB7VV4KQNSO5AEMVJF66Q9ASUAAJG","attempts":1,"totalRetryDelay":0}}
2025-09-12T21:25:37.694Z [info]: Get command to database complete [{"amount":22,"SK":"TICKET#TICKET#ticket1","description":"travel to client site","PK":"USER#user1","type":"travel","status":"Pending"},{"amount":200.4,"SK":"TICKET#ticket2","description":"client dinner","PK":"USER#user1","type":"food","status":"Pending"}]
2025-09-12T22:09:31.124Z [info]: Scan command to database complete [{"amount":22,"SK":"TICKET#TICKET#ticket1","description":"travel to client site","PK":"USER#user1","type":"travel","status":"Pending"},{"amount":200.4,"SK":"TICKET#ticket2","description":"client dinner","PK":"USER#user1","type":"food","status":"Pending"}]
2025-09-12T22:11:24.871Z [info]: Scan command to database complete [{"amount":200.4,"SK":"TICKET#ticket2","description":"client dinner","PK":"USER#user1","type":"food","status":"Pending"}]
2025-09-12T22:27:27.958Z [error]: Invalid UpdateExpression: An expression attribute value used in expression is not defined; attribute value: :status
2025-09-12T22:29:40.487Z [info]: PUT command to databse complete {"SK":"TICKET#ticket2","amount":200.4,"PK":"USER#user1","description":"client dinner","status":"Approved","type":"food"}
2025-09-12T22:30:37.845Z [error]: The conditional request failed
2025-09-12T23:00:08.612Z [error]: Value provided in ExpressionAttributeValues unused in expressions: keys: {:pending}
2025-09-12T23:04:31.809Z [error]: The conditional request failed
2025-09-14T01:35:23.731Z [info]: Scan command to database complete [{"amount":22,"SK":"TICKET#496e3cfc-1d9f-4a2e-ab67-e65fcbd8b210","description":"entertainment","PK":"USER#user3","type":"entertainment","status":"Pending"},{"amount":10,"SK":"TICKET#1077635b-fc1a-4201-9be6-3f2dcd70f596","description":"donation","PK":"USER#user1","type":"goodwill","status":"Pending"},{"amount":600,"SK":"TICKET#20b623ed-d1b6-4136-b11b-5defcb282df2","description":"equipment","PK":"USER#user1","type":"general","status":"Pending"},{"amount":14.22,"SK":"TICKET#8aa42aa7-2a9c-42b1-a5c4-2d551715a043","description":"training","PK":"USER#user1","type":"general","status":"Pending"}]
2025-09-14T15:35:01.688Z [info]: Get command to database complete {"$metadata":{"httpStatusCode":200,"requestId":"N69LB7U9BJHD56APLERP764L2RVV4KQNSO5AEMVJF66Q9ASUAAJG","attempts":1,"totalRetryDelay":0},"Item":{"amount":10,"SK":"TICKET#1077635b-fc1a-4201-9be6-3f2dcd70f596","PK":"USER#user1","description":"donation","status":"Pending","type":"goodwill"}}
2025-09-14T15:35:01.729Z [info]: PUT command to databse complete {"SK":"TICKET#1077635b-fc1a-4201-9be6-3f2dcd70f596","amount":10,"PK":"USER#user1","description":"donation","status":"Denied","type":"goodwill"}
2025-09-14T15:37:47.408Z [info]: Get command to database complete {"amount":10,"SK":"TICKET#1077635b-fc1a-4201-9be6-3f2dcd70f596","PK":"USER#user1","description":"donation","status":"Denied","type":"goodwill"}
2025-09-14T15:38:46.909Z [info]: Get command to database complete {"amount":10,"SK":"TICKET#1077635b-fc1a-4201-9be6-3f2dcd70f596","PK":"USER#user1","description":"donation","status":"Denied","type":"goodwill"}
2025-09-14T15:45:41.698Z [error]: Invalid ConditionExpression: Syntax error; token: """, near: "= "Pending"
2025-09-14T15:48:39.999Z [error]: The conditional request failed
2025-09-14T15:50:14.813Z [info]: PUT command to databse complete {"SK":"TICKET#1077635b-fc1a-4201-9be6-3f2dcd70f596","amount":10,"PK":"USER#user1","description":"donation","status":"Pending","type":"goodwill"}
2025-09-14T15:53:02.565Z [info]: PUT command to databse complete {"SK":"TICKET#1077635b-fc1a-4201-9be6-3f2dcd70f596","amount":10,"PK":"USER#user1","description":"donation","status":"Denied","type":"goodwill"}
2025-09-14T15:53:29.803Z [error]: The conditional request failed
2025-09-14T15:56:29.018Z [info]: Scan command to database complete [{"amount":200.4,"SK":"TICKET#ticket2","PK":"USER#user1","description":"client dinner","status":"Approved","type":"food"}]
2025-09-14T15:56:55.671Z [info]: Scan command to database complete [{"amount":10,"SK":"TICKET#1077635b-fc1a-4201-9be6-3f2dcd70f596","PK":"USER#user1","description":"donation","status":"Denied","type":"goodwill"}]
